# JRE version: Java(TM) SE Runtime Environment (15.0+36) (build 15+36-1562)
# Java VM: Java HotSpot(TM) 64-Bit Server VM (15+36-1562, mixed mode, sharing, tiered, compressed oops, g1 gc, windows-amd64)
GC Precious Log:
 CPUs: 8 total, 8 available
 Memory: 6091M
 Large Page Support: Disabled
 NUMA Support: Disabled
 Compressed Oops: Enabled (32-bit)
 Heap Region Size: 1M
 Heap Min Capacity: 256M
 Heap Initial Capacity: 256M
 Heap Max Capacity: 512M
 Pre-touch: Disabled
 Parallel Workers: 8
 Concurrent Workers: 2
 Concurrent Refinement Workers: 8
 Periodic GC: Disabled
Heap:
 garbage-first heap   total 262144K, used 89525K [0x00000000e0000000, 0x0000000100000000)
  region size 1024K, 80 young (81920K), 17 survivors (17408K)
 Metaspace       used 40900K, capacity 41787K, committed 41856K, reserved 294912K
  class space    used 5553K, capacity 5745K, committed 5760K, reserved 253952K
GC Heap History (8 events):
Event: 1.746 GC heap before
{Heap before GC invocations=0 (full 0):
 garbage-first heap   total 262144K, used 28672K [0x00000000e0000000, 0x0000000100000000)
  region size 1024K, 23 young (23552K), 0 survivors (0K)
 Metaspace       used 3947K, capacity 6607K, committed 6656K, reserved 262144K
  class space    used 487K, capacity 729K, committed 768K, reserved 253952K
}
Event: 1.754 GC heap after
{Heap after GC invocations=1 (full 0):
 garbage-first heap   total 262144K, used 8746K [0x00000000e0000000, 0x0000000100000000)
  region size 1024K, 3 young (3072K), 3 survivors (3072K)
 Metaspace       used 3947K, capacity 6607K, committed 6656K, reserved 262144K
  class space    used 487K, capacity 729K, committed 768K, reserved 253952K
}
Event: 2.549 GC heap before
{Heap before GC invocations=1 (full 0):
 garbage-first heap   total 262144K, used 33322K [0x00000000e0000000, 0x0000000100000000)
  region size 1024K, 28 young (28672K), 3 survivors (3072K)
 Metaspace       used 4116K, capacity 6607K, committed 6656K, reserved 262144K
  class space    used 493K, capacity 729K, committed 768K, reserved 253952K
}
Event: 2.557 GC heap after
{Heap after GC invocations=2 (full 0):
 garbage-first heap   total 262144K, used 12667K [0x00000000e0000000, 0x0000000100000000)
  region size 1024K, 4 young (4096K), 4 survivors (4096K)
 Metaspace       used 4116K, capacity 6607K, committed 6656K, reserved 262144K
  class space    used 493K, capacity 729K, committed 768K, reserved 253952K
}
Event: 8.597 GC heap before
{Heap before GC invocations=2 (full 0):
 garbage-first heap   total 262144K, used 96635K [0x00000000e0000000, 0x0000000100000000)
  region size 1024K, 87 young (89088K), 4 survivors (4096K)
 Metaspace       used 20723K, capacity 21209K, committed 21248K, reserved 272384K
  class space    used 2892K, capacity 3066K, committed 3072K, reserved 253952K
}
Event: 8.618 GC heap after
{Heap after GC invocations=3 (full 0):
 garbage-first heap   total 262144K, used 18249K [0x00000000e0000000, 0x0000000100000000)
  region size 1024K, 10 young (10240K), 10 survivors (10240K)
 Metaspace       used 20723K, capacity 21209K, committed 21248K, reserved 272384K
  class space    used 2892K, capacity 3066K, committed 3072K, reserved 253952K
}
Event: 14.094 GC heap before
{Heap before GC invocations=4 (full 0):
 garbage-first heap   total 262144K, used 109385K [0x00000000e0000000, 0x0000000100000000)
  region size 1024K, 98 young (100352K), 10 survivors (10240K)
 Metaspace       used 34922K, capacity 35696K, committed 35840K, reserved 286720K
  class space    used 4677K, capacity 4862K, committed 4864K, reserved 253952K
}
Event: 14.117 GC heap after
{Heap after GC invocations=5 (full 0):
 garbage-first heap   total 262144K, used 26037K [0x00000000e0000000, 0x0000000100000000)
  region size 1024K, 17 young (17408K), 17 survivors (17408K)
 Metaspace       used 34922K, capacity 35696K, committed 35840K, reserved 286720K
  class space    used 4677K, capacity 4862K, committed 4864K, reserved 253952K
}

